<?xml version="1.0" encoding="UTF-8"?>
<testng-results ignored="0" total="1" passed="1" failed="0" skipped="0">
  <reporter-output>
  </reporter-output>
  <suite started-at="2021-03-11T16:14:02 IST" name="Default suite" finished-at="2021-03-11T16:14:12 IST" duration-ms="10147">
    <groups>
    </groups>
    <test started-at="2021-03-11T16:14:02 IST" name="Default test" finished-at="2021-03-11T16:14:12 IST" duration-ms="10147">
      <class name="seleniumBasics.FirstSeleniumTest">
        <test-method signature="verifyFaceBookHomePage()[pri:0, instance:seleniumBasics.FirstSeleniumTest@236e3f4e]" started-at="2021-03-11T16:14:02 IST" name="verifyFaceBookHomePage" finished-at="2021-03-11T16:14:12 IST" duration-ms="10118" status="PASS">
          <reporter-output>
          </reporter-output>
        </test-method> <!-- verifyFaceBookHomePage -->
      </class> <!-- seleniumBasics.FirstSeleniumTest -->
    </test> <!-- Default test -->
  </suite> <!-- Default suite -->
</testng-results>
